<?xml version="1.0" encoding="UTF-8"?>
<!-- Generated by org.testng.reporters.JUnitReportReporter -->
<testsuite hostname="MounikaNaresh" failures="0" tests="1" name="com.qa.selenium.test.NewTest" time="0.001" errors="0" timestamp="02 Feb 2024 01:45:19 GMT" skipped="0">
  <testcase classname="com.qa.selenium.test.NewTest" name="f" time="0.001"/>
</testsuite> <!-- com.qa.selenium.test.NewTest -->
